<?xml version="1.0" encoding="UTF-8"?>
<testng-results skipped="0" failed="0" total="1" passed="1">
  <reporter-output>
  </reporter-output>
  <suite name="Default suite" duration-ms="10459" started-at="2023-01-23T01:17:33Z" finished-at="2023-01-23T01:17:44Z">
    <groups>
    </groups>
    <test name="Default test" duration-ms="10459" started-at="2023-01-23T01:17:33Z" finished-at="2023-01-23T01:17:44Z">
      <class name="variousConcept.LearnAssertion">
        <test-method status="PASS" signature="init()[pri:0, instance:variousConcept.LearnAssertion@546a03af]" name="init" is-config="true" duration-ms="2590" started-at="2023-01-22T19:17:33Z" finished-at="2023-01-22T19:17:36Z">
          <reporter-output>
          </reporter-output>
        </test-method> <!-- init -->
        <test-method status="PASS" signature="testLocator()[pri:0, instance:variousConcept.LearnAssertion@546a03af]" name="testLocator" duration-ms="7858" started-at="2023-01-22T19:17:36Z" finished-at="2023-01-22T19:17:44Z">
          <reporter-output>
          </reporter-output>
        </test-method> <!-- testLocator -->
      </class> <!-- variousConcept.LearnAssertion -->
    </test> <!-- Default test -->
  </suite> <!-- Default suite -->
</testng-results>
